src/clinical/vital_signs.py:287: error: Function is missing a return type annotation  [no-untyped-def]
src/clinical/vital_signs.py:287: note: Use "-> None" if function does not return a value
src/clinical/vital_signs.py:294: error: Returning Any from function declared to return "VitalSignRange"  [no-any-return]
src/clinical/vital_signs.py:296: error: Returning Any from function declared to return "VitalSignRange"  [no-any-return]
src/api/security.py:65: error: Returning Any from function declared to return "str"  [no-any-return]
src/api/security.py:99: error: Returning Any from function declared to return "str"  [no-any-return]
src/api/security.py:115: error: Returning Any from function declared to return "dict[str, Any]"  [no-any-return]
src/utils/validator.py:405: error: Returning Any from function declared to return "tuple[Any, ...] | None"  [no-any-return]
src/utils/logger.py:97: error: Incompatible types in assignment (expression has type "Formatter", variable has type "JSONFormatter")  [assignment]
src/services/cdc_service.py:153: error: Returning Any from function declared to return "list[DiseaseActivity]"  [no-any-return]
src/services/cdc_service.py:377: error: Argument "activity_level" to "DiseaseActivity" has incompatible type "str"; expected "ActivityLevel"  [arg-type]
src/services/cdc_service.py:504: error: Need type annotation for "charts"  [var-annotated]
src/services/cache_service.py:22: error: Function is missing a return type annotation  [no-untyped-def]
src/services/cache_service.py:67: error: Function is missing a return type annotation  [no-untyped-def]
src/services/cache_service.py:67: note: Use "-> None" if function does not return a value
src/services/cache_service.py:68: note: By default the bodies of untyped functions are not checked, consider using --check-untyped-defs  [annotation-unchecked]
src/core/reasoning.py:508: error: Incompatible types in assignment (expression has type "float", variable has type "int")  [assignment]
src/core/reasoning.py:509: error: Incompatible types in assignment (expression has type "float", variable has type "int")  [assignment]
src/core/memory.py:528: error: Returning Any from function declared to return "float"  [no-any-return]
src/core/decision_maker.py:215: error: Function "builtins.callable" is not valid as a type  [valid-type]
src/core/decision_maker.py:215: note: Perhaps you meant "typing.Callable" instead of "callable"?
src/core/decision_maker.py:228: error: Returning Any from function declared to return "tuple[bool, str | None]"  [no-any-return]
src/core/decision_maker.py:228: error: callable? not callable  [misc]
src/core/decision_maker.py:497: error: Need type annotation for "recommendations"  [var-annotated]
src/clinical/phoenix_score.py:197: error: Function is missing a return type annotation  [no-untyped-def]
src/clinical/phoenix_score.py:197: note: Use "-> None" if function does not return a value
src/clinical/phoenix_score.py:692: error: Function is missing a type annotation for one or more arguments  [no-untyped-def]
src/clinical/pews.py:182: error: Function is missing a return type annotation  [no-untyped-def]
src/clinical/pews.py:182: note: Use "-> None" if function does not return a value
src/utils/metrics.py:46: error: Function is missing a type annotation for one or more arguments  [no-untyped-def]
src/utils/metrics.py:131: error: Function is missing a return type annotation  [no-untyped-def]
src/utils/metrics.py:278: error: Need type annotation for "distribution"  [var-annotated]
src/services/weather_service.py:148: error: Returning Any from function declared to return "WeatherConditions | None"  [no-any-return]
src/services/weather_service.py:189: error: Returning Any from function declared to return "list[WeatherForecast]"  [no-any-return]
src/services/weather_service.py:223: error: Returning Any from function declared to return "list[WeatherAlert]"  [no-any-return]
src/services/weather_service.py:258: error: "Collection[str]" has no attribute "extend"  [attr-defined]
src/services/weather_service.py:265: error: "Collection[str]" has no attribute "extend"  [attr-defined]
src/services/weather_service.py:275: error: "Collection[str]" has no attribute "extend"  [attr-defined]
src/services/weather_service.py:283: error: "Collection[str]" has no attribute "extend"  [attr-defined]
src/services/weather_service.py:290: error: "Collection[str]" has no attribute "extend"  [attr-defined]
src/services/weather_service.py:300: error: "Collection[str]" has no attribute "append"  [attr-defined]
src/services/weather_service.py:304: error: "Collection[str]" has no attribute "append"  [attr-defined]
src/services/weather_service.py:310: error: "Collection[str]" has no attribute "extend"  [attr-defined]
src/services/weather_service.py:403: error: Incompatible types in assignment (expression has type "float", target has type "str | None")  [assignment]
src/services/weather_service.py:404: error: Incompatible types in assignment (expression has type "float", target has type "str | None")  [assignment]
src/services/weather_service.py:449: error: Incompatible types in assignment (expression has type "float", target has type "str | None")  [assignment]
src/services/weather_service.py:450: error: Incompatible types in assignment (expression has type "float", target has type "str | None")  [assignment]
src/services/weather_service.py:460: error: Need type annotation for "daily" (hint: "daily: dict[<type>, <type>] = ...")  [var-annotated]
src/services/openfda_service.py:140: error: Returning Any from function declared to return "DrugLabel | None"  [no-any-return]
src/services/openfda_service.py:194: error: Returning Any from function declared to return "list[AdverseEvent]"  [no-any-return]
src/services/openfda_service.py:242: error: Returning Any from function declared to return "AdverseEventSummary | None"  [no-any-return]
src/services/medlineplus_service.py:415: error: Returning Any from function declared to return "list[MedlinePlusResult] | None"  [no-any-return]
src/services/air_quality_service.py:156: error: Returning Any from function declared to return "AirQualityReading | None"  [no-any-return]
src/services/air_quality_service.py:192: error: Returning Any from function declared to return "list[AirQualityForecast]"  [no-any-return]
src/core/executor.py:522: error: Function is missing a type annotation for one or more arguments  [no-untyped-def]
src/agents/base_agent.py:339: error: Function is missing a type annotation for one or more arguments  [no-untyped-def]
src/db/database.py:65: error: Function is missing a type annotation  [no-untyped-def]
src/db/database.py:73: error: Function is missing a return type annotation  [no-untyped-def]
src/db/database.py:126: error: Function is missing a return type annotation  [no-untyped-def]
src/db/database.py:126: note: Use "-> None" if function does not return a value
src/db/database.py:139: error: Function is missing a return type annotation  [no-untyped-def]
src/db/database.py:139: note: Use "-> None" if function does not return a value
src/db/database.py:149: error: Function is missing a return type annotation  [no-untyped-def]
src/db/database.py:149: note: Use "-> None" if function does not return a value
src/db/database.py:158: error: Function is missing a return type annotation  [no-untyped-def]
src/db/database.py:158: note: Use "-> None" if function does not return a value
src/agents/risk_agent.py:63: error: Function "builtins.callable" is not valid as a type  [valid-type]
src/agents/risk_agent.py:63: note: Perhaps you meant "typing.Callable" instead of "callable"?
src/agents/risk_agent.py:70: error: Returning Any from function declared to return "tuple[bool, str | None]"  [no-any-return]
src/agents/risk_agent.py:70: error: callable? not callable  [misc]
src/agents/risk_agent.py:102: error: Function is missing a type annotation for one or more arguments  [no-untyped-def]
src/agents/risk_agent.py:130: error: Incompatible types in assignment (expression has type "None", variable has type "PhoenixScoreCalculator")  [assignment]
src/agents/risk_agent.py:131: error: Incompatible types in assignment (expression has type "None", variable has type "PEWSCalculator")  [assignment]
src/agents/risk_agent.py:132: error: Incompatible types in assignment (expression has type "None", variable has type "PhysicalExamAssessor")  [assignment]
src/agents/risk_agent.py:133: error: Incompatible types in assignment (expression has type "None", variable has type "VitalSignNormalizer")  [assignment]
src/agents/risk_agent.py:351: error: "object" has no attribute "append"  [attr-defined]
src/agents/risk_agent.py:354: error: "object" has no attribute "append"  [attr-defined]
src/agents/risk_agent.py:359: error: "object" has no attribute "append"  [attr-defined]
src/agents/risk_agent.py:362: error: "object" has no attribute "append"  [attr-defined]
src/agents/risk_agent.py:415: error: "object" has no attribute "append"  [attr-defined]
src/agents/risk_agent.py:418: error: "object" has no attribute "extend"  [attr-defined]
src/agents/risk_agent.py:422: error: "object" has no attribute "append"  [attr-defined]
src/agents/risk_agent.py:425: error: "object" has no attribute "extend"  [attr-defined]
src/agents/risk_agent.py:429: error: "object" has no attribute "append"  [attr-defined]
src/agents/risk_agent.py:488: error: "object" has no attribute "append"  [attr-defined]
src/agents/risk_agent.py:491: error: "object" has no attribute "extend"  [attr-defined]
src/agents/risk_agent.py:495: error: "object" has no attribute "append"  [attr-defined]
src/agents/risk_agent.py:856: error: Incompatible types in assignment (expression has type "float", variable has type "int")  [assignment]
src/agents/risk_agent.py:857: error: Incompatible types in assignment (expression has type "float", variable has type "int")  [assignment]
src/agents/risk_agent.py:862: error: Incompatible types in assignment (expression has type "float", variable has type "int")  [assignment]
src/agents/risk_agent.py:863: error: Incompatible types in assignment (expression has type "float", variable has type "int")  [assignment]
src/agents/risk_agent.py:1196: error: Function is missing a type annotation  [no-untyped-def]
src/agents/risk_agent.py:1217: error: Function is missing a type annotation  [no-untyped-def]
src/agents/risk_agent.py:1237: error: Function is missing a type annotation  [no-untyped-def]
src/agents/risk_agent.py:1265: error: Function is missing a type annotation  [no-untyped-def]
src/agents/risk_agent.py:1316: error: Function is missing a type annotation  [no-untyped-def]
src/agents/risk_agent.py:1346: error: Function is missing a type annotation  [no-untyped-def]
src/agents/risk_agent.py:1365: error: Function is missing a type annotation  [no-untyped-def]
src/agents/risk_agent.py:1385: error: Function is missing a type annotation  [no-untyped-def]
src/agents/risk_agent.py:1405: error: Function is missing a type annotation  [no-untyped-def]
src/agents/risk_agent.py:1426: error: Function is missing a type annotation  [no-untyped-def]
src/agents/risk_agent.py:1446: error: Function is missing a type annotation  [no-untyped-def]
src/agents/risk_agent.py:1465: error: Function is missing a type annotation  [no-untyped-def]
src/agents/risk_agent.py:1485: error: Function is missing a type annotation  [no-untyped-def]
src/agents/risk_agent.py:1510: error: Function is missing a type annotation  [no-untyped-def]
src/agents/risk_agent.py:1537: error: Function is missing a type annotation  [no-untyped-def]
src/agents/risk_agent.py:1561: error: Function is missing a type annotation  [no-untyped-def]
src/agents/phenotype_agent.py:37: error: Incompatible types in assignment (expression has type "None", variable has type "list[str]")  [assignment]
src/agents/phenotype_agent.py:39: error: Function is missing a return type annotation  [no-untyped-def]
src/agents/phenotype_agent.py:39: note: Use "-> None" if function does not return a value
src/agents/phenotype_agent.py:92: error: Function is missing a type annotation for one or more arguments  [no-untyped-def]
src/agents/phenotype_agent.py:283: error: Incompatible types in assignment (expression has type "float", variable has type "int")  [assignment]
src/agents/medication_safety_agent.py:162: error: Function is missing a type annotation for one or more arguments  [no-untyped-def]
src/agents/ingestion_agent.py:170: error: Function is missing a type annotation for one or more arguments  [no-untyped-def]
src/agents/ingestion_agent.py:492: error: Incompatible types in assignment (expression has type "str", target has type "int")  [assignment]
src/agents/ingestion_agent.py:513: error: Incompatible types in assignment (expression has type "str", target has type "int")  [assignment]
src/agents/ingestion_agent.py:515: error: Incompatible types in assignment (expression has type "str", target has type "int")  [assignment]
src/agents/ingestion_agent.py:517: error: Incompatible types in assignment (expression has type "str", target has type "int")  [assignment]
src/agents/ingestion_agent.py:521: error: Incompatible types in assignment (expression has type "float", target has type "int")  [assignment]
src/agents/ingestion_agent.py:523: error: Incompatible types in assignment (expression has type "float", target has type "int")  [assignment]
src/agents/ingestion_agent.py:527: error: Incompatible types in assignment (expression has type "float", target has type "int")  [assignment]
src/agents/ingestion_agent.py:529: error: Incompatible types in assignment (expression has type "float", target has type "int")  [assignment]
src/agents/ingestion_agent.py:550: error: Value of type "Any | None" is not indexable  [index]
src/agents/ingestion_agent.py:552: error: Incompatible types in assignment (expression has type "int", target has type "bool")  [assignment]
src/agents/ingestion_agent.py:552: error: Argument 1 to "len" has incompatible type "Any | None"; expected "Sized"  [arg-type]
src/agents/ingestion_agent.py:603: error: Incompatible types in assignment (expression has type "int", target has type "bool")  [assignment]
src/agents/ingestion_agent.py:603: error: Argument 1 to "len" has incompatible type "Any | None"; expected "Sized"  [arg-type]
src/agents/ingestion_agent.py:621: error: Incompatible types in assignment (expression has type "str", target has type "bool")  [assignment]
src/agents/ingestion_agent.py:627: error: Incompatible types in assignment (expression has type "float", target has type "bool")  [assignment]
src/agents/ingestion_agent.py:647: error: Need type annotation for "validations" (hint: "validations: list[<type>] = ...")  [var-annotated]
src/agents/ingestion_agent.py:660: error: Incompatible types in assignment (expression has type "float", target has type "str")  [assignment]
src/agents/ingestion_agent.py:661: error: Incompatible types in assignment (expression has type "float", target has type "str")  [assignment]
src/agents/ingestion_agent.py:666: error: Incompatible types in assignment (expression has type "int", target has type "str")  [assignment]
src/agents/ingestion_agent.py:679: error: Incompatible types in assignment (expression has type "float", target has type "str")  [assignment]
src/agents/ingestion_agent.py:683: error: Incompatible types in assignment (expression has type "int", target has type "str")  [assignment]
src/agents/ingestion_agent.py:693: error: Need type annotation for "validations" (hint: "validations: list[<type>] = ...")  [var-annotated]
src/agents/ingestion_agent.py:694: error: Need type annotation for "warnings" (hint: "warnings: list[<type>] = ...")  [var-annotated]
src/agents/guideline_rag_agent.py:81: error: Argument "url" to "GuidelineSource" has incompatible type "None"; expected "str"  [arg-type]
src/agents/guideline_rag_agent.py:243: error: Function is missing a type annotation for one or more arguments  [no-untyped-def]
src/agents/geo_exposure_agent.py:106: error: Function is missing a type annotation for one or more arguments  [no-untyped-def]
src/agents/escalation_agent.py:164: error: Function is missing a type annotation for one or more arguments  [no-untyped-def]
src/agents/escalation_agent.py:320: error: Item "None" of "dict[str, Any] | None" has no attribute "get"  [union-attr]
src/api/schemas.py:92: error: Function is missing a type annotation  [no-untyped-def]
src/api/routes/external_data.py:123: error: Function is missing a return type annotation  [no-untyped-def]
src/api/routes/external_data.py:152: error: Function is missing a return type annotation  [no-untyped-def]
src/api/routes/external_data.py:175: error: Function is missing a return type annotation  [no-untyped-def]
src/api/routes/external_data.py:198: error: Function is missing a return type annotation  [no-untyped-def]
src/api/routes/external_data.py:234: error: Function is missing a return type annotation  [no-untyped-def]
src/api/routes/external_data.py:263: error: Function is missing a return type annotation  [no-untyped-def]
src/api/routes/external_data.py:304: error: Function is missing a return type annotation  [no-untyped-def]
src/api/routes/external_data.py:329: error: Function is missing a return type annotation  [no-untyped-def]
src/api/routes/external_data.py:355: error: Function is missing a return type annotation  [no-untyped-def]
src/api/routes/mental_health.py:502: error: Function is missing a return type annotation  [no-untyped-def]
src/api/routes/mental_health.py:510: error: Function is missing a return type annotation  [no-untyped-def]
src/api/routes/mental_health.py:519: error: Function is missing a return type annotation  [no-untyped-def]
src/api/routes/mental_health.py:547: error: Need type annotation for "trigger_counts" (hint: "trigger_counts: dict[<type>, <type>] = ...")  [var-annotated]
src/api/routes/mental_health.py:586: error: Function is missing a return type annotation  [no-untyped-def]
src/api/routes/mental_health.py:594: error: Function is missing a return type annotation  [no-untyped-def]
src/api/routes/mental_health.py:602: error: Function is missing a return type annotation  [no-untyped-def]
src/api/routes/mental_health.py:613: error: Function is missing a return type annotation  [no-untyped-def]
src/api/routes/mental_health.py:633: error: Function is missing a return type annotation  [no-untyped-def]
src/api/routes/mental_health.py:694: error: Function is missing a return type annotation  [no-untyped-def]
src/api/routes/mental_health.py:703: error: Function is missing a return type annotation  [no-untyped-def]
src/api/routes/mental_health.py:721: error: Function is missing a return type annotation  [no-untyped-def]
src/api/routes/mental_health.py:730: error: Function is missing a return type annotation  [no-untyped-def]
src/api/routes/mental_health.py:782: error: Function is missing a return type annotation  [no-untyped-def]
src/api/routes/mental_health.py:796: error: Function is missing a return type annotation  [no-untyped-def]
src/api/routes/dosage.py:90: error: Returning Any from function declared to return "dict[str, Any]"  [no-any-return]
src/api/routes/dosage.py:99: error: Function is missing a return type annotation  [no-untyped-def]
src/api/routes/dosage.py:132: error: Function is missing a return type annotation  [no-untyped-def]
src/api/routes/dosage.py:174: error: Function is missing a return type annotation  [no-untyped-def]
src/api/routes/dosage.py:254: error: Function is missing a return type annotation  [no-untyped-def]
src/api/routes/clinical_scoring.py:181: error: Function is missing a return type annotation  [no-untyped-def]
src/api/routes/clinical_scoring.py:279: error: Function is missing a return type annotation  [no-untyped-def]
src/api/routes/clinical_scoring.py:368: error: Function is missing a return type annotation  [no-untyped-def]
src/api/routes/care_advice.py:65: error: Returning Any from function declared to return "dict[str, Any]"  [no-any-return]
src/api/routes/care_advice.py:78: error: Function is missing a return type annotation  [no-untyped-def]
src/api/routes/care_advice.py:100: error: Function is missing a return type annotation  [no-untyped-def]
src/api/routes/care_advice.py:118: error: Function is missing a return type annotation  [no-untyped-def]
src/api/routes/care_advice.py:151: error: Function is missing a return type annotation  [no-untyped-def]
src/api/middleware/rate_limit.py:29: error: Function is missing a return type annotation  [no-untyped-def]
src/api/middleware/rate_limit.py:29: note: Use "-> None" if function does not return a value
src/api/middleware/rate_limit.py:100: error: Function is missing a type annotation for one or more arguments  [no-untyped-def]
src/api/middleware/rate_limit.py:131: error: Value of type "object" is not indexable  [index]
src/api/middleware/rate_limit.py:135: error: Function is missing a return type annotation  [no-untyped-def]
src/api/middleware/rate_limit.py:135: note: Use "-> None" if function does not return a value
src/api/middleware/rate_limit.py:160: error: Function is missing a return type annotation  [no-untyped-def]
src/api/middleware/rate_limit.py:160: error: Function is missing a type annotation for one or more arguments  [no-untyped-def]
src/api/middleware/rate_limit.py:211: error: Function is missing a return type annotation  [no-untyped-def]
src/api/middleware/rate_limit.py:214: error: Function is missing a type annotation  [no-untyped-def]
src/api/routes/auth.py:107: error: Function is missing a return type annotation  [no-untyped-def]
src/api/routes/auth.py:138: error: Incompatible types in assignment (expression has type "dict[str, bool | str | None]", target has type "dict[str, object]")  [assignment]
src/api/routes/auth.py:165: error: Function is missing a return type annotation  [no-untyped-def]
src/api/routes/auth.py:174: error: Argument 2 to "verify_password" has incompatible type "object"; expected "str"  [arg-type]
src/api/routes/auth.py:197: error: Argument "id" to "UserResponse" has incompatible type "object"; expected "str"  [arg-type]
src/api/routes/auth.py:198: error: Argument "email" to "UserResponse" has incompatible type "object"; expected "str"  [arg-type]
src/api/routes/auth.py:199: error: Argument "full_name" to "UserResponse" has incompatible type "object"; expected "str"  [arg-type]
src/api/routes/auth.py:200: error: Argument "is_active" to "UserResponse" has incompatible type "object"; expected "bool"  [arg-type]
src/api/routes/auth.py:201: error: Argument "is_verified" to "UserResponse" has incompatible type "object"; expected "bool"  [arg-type]
src/api/routes/auth.py:212: error: Function is missing a return type annotation  [no-untyped-def]
src/api/routes/auth.py:223: error: Function is missing a return type annotation  [no-untyped-def]
src/api/routes/auth.py:256: error: Argument "id" to "UserResponse" has incompatible type "object"; expected "str"  [arg-type]
src/api/routes/auth.py:257: error: Argument "email" to "UserResponse" has incompatible type "object"; expected "str"  [arg-type]
src/api/routes/auth.py:258: error: Argument "full_name" to "UserResponse" has incompatible type "object"; expected "str"  [arg-type]
src/api/routes/auth.py:259: error: Argument "is_active" to "UserResponse" has incompatible type "object"; expected "bool"  [arg-type]
src/api/routes/auth.py:260: error: Argument "is_verified" to "UserResponse" has incompatible type "object"; expected "bool"  [arg-type]
src/api/routes/auth.py:277: error: Function is missing a return type annotation  [no-untyped-def]
src/api/routes/auth.py:294: error: Function is missing a return type annotation  [no-untyped-def]
src/api/routes/auth.py:311: error: Function is missing a return type annotation  [no-untyped-def]
src/api/routes/auth.py:336: error: Function is missing a return type annotation  [no-untyped-def]
src/api/routes/auth.py:349: error: Name "UserResponse" already defined (possibly by an import)  [no-redef]
src/api/routes/symptoms.py:34: error: Function is missing a return type annotation  [no-untyped-def]
src/api/routes/symptoms.py:75: error: Function is missing a return type annotation  [no-untyped-def]
src/api/routes/symptoms.py:110: error: Function is missing a return type annotation  [no-untyped-def]
src/api/routes/symptoms.py:159: error: Function is missing a return type annotation  [no-untyped-def]
src/api/routes/symptoms.py:196: error: Function is missing a return type annotation  [no-untyped-def]
src/api/routes/symptoms.py:224: error: Function is missing a return type annotation  [no-untyped-def]
src/api/routes/symptoms.py:254: error: Function is missing a return type annotation  [no-untyped-def]
src/api/routes/symptom_checker.py:115: error: Function is missing a return type annotation  [no-untyped-def]
src/api/routes/symptom_checker.py:158: error: Argument "created_at" to "SymptomCheckerStartResponse" has incompatible type "list[str] | datetime | int | Any | str | None"; expected "datetime"  [arg-type]
src/api/routes/symptom_checker.py:164: error: Function is missing a return type annotation  [no-untyped-def]
src/api/routes/symptom_checker.py:227: error: Function is missing a return type annotation  [no-untyped-def]
src/api/routes/symptom_checker.py:260: error: Function is missing a return type annotation  [no-untyped-def]
src/api/routes/guidelines.py:228: error: Function is missing a return type annotation  [no-untyped-def]
src/api/routes/guidelines.py:247: error: "Collection[str]" has no attribute "lower"  [attr-defined]
src/api/routes/guidelines.py:249: error: "Collection[str]" has no attribute "lower"  [attr-defined]
src/api/routes/guidelines.py:255: error: "Collection[str]" has no attribute "lower"  [attr-defined]
src/api/routes/guidelines.py:262: error: Argument "id" to "GuidelineResponse" has incompatible type "Collection[str]"; expected "str"  [arg-type]
src/api/routes/guidelines.py:263: error: Argument "title" to "GuidelineResponse" has incompatible type "Collection[str]"; expected "str"  [arg-type]
src/api/routes/guidelines.py:264: error: "Collection[str]" has no attribute "strip"  [attr-defined]
src/api/routes/guidelines.py:267: error: Value of type "Collection[str]" is not indexable  [index]
src/api/routes/guidelines.py:268: error: Value of type "Collection[str]" is not indexable  [index]
src/api/routes/guidelines.py:269: error: "Collection[str]" has no attribute "get"  [attr-defined]
src/api/routes/guidelines.py:271: error: Value of type "Collection[str]" is not indexable  [index]
src/api/routes/guidelines.py:272: error: "Collection[str]" has no attribute "get"  [attr-defined]
src/api/routes/guidelines.py:276: error: Argument "key_points" to "GuidelineResponse" has incompatible type "Collection[str]"; expected "list[str]"  [arg-type]
src/api/routes/guidelines.py:278: error: Argument "warning_signs" to "GuidelineResponse" has incompatible type "Collection[str]"; expected "list[str]"  [arg-type]
src/api/routes/guidelines.py:301: error: Function is missing a return type annotation  [no-untyped-def]
src/api/routes/guidelines.py:327: error: Function is missing a return type annotation  [no-untyped-def]
src/api/routes/guidelines.py:352: error: Function is missing a return type annotation  [no-untyped-def]
src/api/routes/guidelines.py:378: error: Function is missing a return type annotation  [no-untyped-def]
src/api/routes/guidelines.py:444: error: Function is missing a return type annotation  [no-untyped-def]
src/api/routes/environment.py:98: error: Function is missing a return type annotation  [no-untyped-def]
src/api/routes/environment.py:117: error: "AirQualityService" has no attribute "get_air_quality"  [attr-defined]
src/api/routes/environment.py:167: error: Function is missing a return type annotation  [no-untyped-def]
src/api/routes/environment.py:185: error: "WeatherService" has no attribute "get_weather"  [attr-defined]
src/api/routes/environment.py:267: error: Function is missing a return type annotation  [no-untyped-def]
src/api/routes/environment.py:325: error: Function is missing a return type annotation  [no-untyped-def]
src/api/routes/children.py:40: error: Function is missing a return type annotation  [no-untyped-def]
src/api/routes/children.py:82: error: Function is missing a return type annotation  [no-untyped-def]
src/api/routes/children.py:105: error: Function is missing a return type annotation  [no-untyped-def]
src/api/routes/children.py:136: error: Function is missing a return type annotation  [no-untyped-def]
src/api/routes/children.py:175: error: Function is missing a return type annotation  [no-untyped-def]
src/api/routes/children.py:205: error: Function is missing a return type annotation  [no-untyped-def]
src/api/routes/children.py:229: error: Function is missing a return type annotation  [no-untyped-def]
src/api/routes/children.py:253: error: Function is missing a return type annotation  [no-untyped-def]
src/api/routes/children.py:277: error: Function is missing a return type annotation  [no-untyped-def]
src/api/routes/assessment.py:63: error: "AgentResponse" has no attribute "get"  [attr-defined]
src/api/routes/assessment.py:64: error: "AgentResponse" has no attribute "get"  [attr-defined]
src/api/routes/assessment.py:77: error: "AgentResponse" has no attribute "get"  [attr-defined]
src/api/routes/assessment.py:89: error: "AgentResponse" has no attribute "get"  [attr-defined]
src/api/routes/assessment.py:92: error: "AgentResponse" has no attribute "get"  [attr-defined]
src/api/routes/assessment.py:110: error: "AgentResponse" has no attribute "get"  [attr-defined]
src/api/routes/assessment.py:111: error: "AgentResponse" has no attribute "get"  [attr-defined]
src/api/routes/assessment.py:117: error: "ExplanationGenerator" has no attribute "generate_explanation"  [attr-defined]
src/api/routes/assessment.py:144: error: "AgentResponse" has no attribute "get"  [attr-defined]
src/api/routes/assessment.py:161: error: "AgentResponse" has no attribute "get"  [attr-defined]
src/api/routes/assessment.py:163: error: "AgentResponse" has no attribute "get"  [attr-defined]
src/api/routes/assessment.py:166: error: "AgentResponse" has no attribute "get"  [attr-defined]
src/api/routes/assessment.py:169: error: "AgentResponse" has no attribute "get"  [attr-defined]
src/api/routes/assessment.py:170: error: "AgentResponse" has no attribute "get"  [attr-defined]
src/api/routes/assessment.py:173: error: "AgentResponse" has no attribute "get"  [attr-defined]
src/api/routes/assessment.py:174: error: "AgentResponse" has no attribute "get"  [attr-defined]
src/api/routes/assessment.py:240: error: Function is missing a return type annotation  [no-untyped-def]
src/api/routes/assessment.py:264: error: Function is missing a return type annotation  [no-untyped-def]
src/api/routes/assessment.py:276: error: Value of type "object" is not indexable  [index]
src/api/routes/assessment.py:279: error: Argument after ** must be a mapping, not "object"  [arg-type]
src/api/routes/assessment.py:293: error: Function is missing a return type annotation  [no-untyped-def]
src/api/routes/assessment.py:312: error: Argument after ** must be a mapping, not "object"  [arg-type]
src/api/routes/assessment.py:321: error: Function is missing a return type annotation  [no-untyped-def]
src/api/routes/assessment.py:360: error: Function is missing a return type annotation  [no-untyped-def]
src/api/routes/assessment.py:371: error: Argument after ** must be a mapping, not "object"  [arg-type]
src/api/routes/assessment.py:374: error: Value of type "object" is not indexable  [index]
src/api/routes/assessment.py:375: error: Unsupported operand types for <= ("datetime" and "object")  [operator]
src/api/routes/assessment.py:389: error: Function is missing a return type annotation  [no-untyped-def]
src/api/main.py:32: error: Function is missing a return type annotation  [no-untyped-def]
src/api/main.py:191: error: Returning Any from function declared to return "Response"  [no-any-return]
src/api/main.py:283: error: Returning Any from function declared to return "dict[str, Any]"  [no-any-return]
src/api/main.py:306: error: Function is missing a return type annotation  [no-untyped-def]
src/api/main.py:383: error: Cannot assign to a method  [method-assign]
Found 276 errors in 41 files (checked 55 source files)
